<?xml version="1.0" encoding="UTF-8"?>
<testsuite xmlns:xsi="http://www.w3.org/2001/XMLSchema-instance" xsi:noNamespaceSchemaLocation="https://maven.apache.org/surefire/maven-surefire-plugin/xsd/surefire-test-report.xsd" name="com.bridgelabz.testing.UserRegistrationTesting.AppTest" time="0.003" tests="22" errors="0" skipped="0" failures="0">
  <properties>
    <property name="sun.desktop" value="gnome"/>
    <property name="awt.toolkit" value="sun.awt.X11.XToolkit"/>
    <property name="java.specification.version" value="11"/>
    <property name="sun.cpu.isalist" value=""/>
    <property name="sun.jnu.encoding" value="UTF-8"/>
    <property name="java.class.path" value="/home/annie/eclipse-workspace/UserRegistrationTesting/target/test-classes:/home/annie/eclipse-workspace/UserRegistrationTesting/target/classes:/home/annie/.m2/repository/junit/junit/4.11/junit-4.11.jar:/home/annie/.m2/repository/org/hamcrest/hamcrest-core/1.3/hamcrest-core-1.3.jar:"/>
    <property name="java.vm.vendor" value="Ubuntu"/>
    <property name="sun.arch.data.model" value="64"/>
    <property name="java.vendor.url" value="https://ubuntu.com/"/>
    <property name="user.timezone" value=""/>
    <property name="java.vm.specification.version" value="11"/>
    <property name="os.name" value="Linux"/>
    <property name="sun.java.launcher" value="SUN_STANDARD"/>
    <property name="user.country" value="IN"/>
    <property name="sun.boot.library.path" value="/usr/lib/jvm/java-11-openjdk-amd64/lib"/>
    <property name="sun.java.command" value="/home/annie/eclipse-workspace/UserRegistrationTesting/target/surefire/surefirebooter4259385162999029227.jar /home/annie/eclipse-workspace/UserRegistrationTesting/target/surefire 2020-09-30T15-52-26_563-jvmRun1 surefire16047017863887044003tmp surefire_04450341560869352962tmp"/>
    <property name="jdk.debug" value="release"/>
    <property name="surefire.test.class.path" value="/home/annie/eclipse-workspace/UserRegistrationTesting/target/test-classes:/home/annie/eclipse-workspace/UserRegistrationTesting/target/classes:/home/annie/.m2/repository/junit/junit/4.11/junit-4.11.jar:/home/annie/.m2/repository/org/hamcrest/hamcrest-core/1.3/hamcrest-core-1.3.jar:"/>
    <property name="sun.cpu.endian" value="little"/>
    <property name="user.home" value="/home/annie"/>
    <property name="user.language" value="en"/>
    <property name="java.specification.vendor" value="Oracle Corporation"/>
    <property name="java.version.date" value="2020-07-14"/>
    <property name="java.home" value="/usr/lib/jvm/java-11-openjdk-amd64"/>
    <property name="file.separator" value="/"/>
    <property name="basedir" value="/home/annie/eclipse-workspace/UserRegistrationTesting"/>
    <property name="java.vm.compressedOopsMode" value="32-bit"/>
    <property name="line.separator" value="&#10;"/>
    <property name="java.specification.name" value="Java Platform API Specification"/>
    <property name="java.vm.specification.vendor" value="Oracle Corporation"/>
    <property name="java.awt.graphicsenv" value="sun.awt.X11GraphicsEnvironment"/>
    <property name="surefire.real.class.path" value="/home/annie/eclipse-workspace/UserRegistrationTesting/target/surefire/surefirebooter4259385162999029227.jar"/>
    <property name="sun.management.compiler" value="HotSpot 64-Bit Tiered Compilers"/>
    <property name="java.runtime.version" value="11.0.8+10-post-Ubuntu-0ubuntu118.04.1"/>
    <property name="user.name" value="annie"/>
    <property name="path.separator" value=":"/>
    <property name="os.version" value="5.4.0-48-generic"/>
    <property name="java.runtime.name" value="OpenJDK Runtime Environment"/>
    <property name="file.encoding" value="UTF-8"/>
    <property name="java.vm.name" value="OpenJDK 64-Bit Server VM"/>
    <property name="localRepository" value="/home/annie/.m2/repository"/>
    <property name="java.vendor.url.bug" value="https://bugs.launchpad.net/ubuntu/+source/openjdk-lts"/>
    <property name="java.io.tmpdir" value="/tmp"/>
    <property name="java.version" value="11.0.8"/>
    <property name="user.dir" value="/home/annie/eclipse-workspace/UserRegistrationTesting"/>
    <property name="os.arch" value="amd64"/>
    <property name="java.vm.specification.name" value="Java Virtual Machine Specification"/>
    <property name="java.awt.printerjob" value="sun.print.PSPrinterJob"/>
    <property name="sun.os.patch.level" value="unknown"/>
    <property name="java.library.path" value="/usr/java/packages/lib:/usr/lib/x86_64-linux-gnu/jni:/lib/x86_64-linux-gnu:/usr/lib/x86_64-linux-gnu:/usr/lib/jni:/lib:/usr/lib"/>
    <property name="java.vm.info" value="mixed mode, sharing"/>
    <property name="java.vendor" value="Ubuntu"/>
    <property name="java.vm.version" value="11.0.8+10-post-Ubuntu-0ubuntu118.04.1"/>
    <property name="sun.io.unicode.encoding" value="UnicodeLittle"/>
    <property name="java.class.version" value="55.0"/>
  </properties>
  <testcase name="when8Characters_shouldReturnTrue" classname="com.bridgelabz.testing.UserRegistrationTesting.AppTest" time="0"/>
  <testcase name="givenMessage_whenTwoDots_shouldReturnFalse" classname="com.bridgelabz.testing.UserRegistrationTesting.AppTest" time="0"/>
  <testcase name="whenNoSpecialCharacter_shouldReturnFalse" classname="com.bridgelabz.testing.UserRegistrationTesting.AppTest" time="0"/>
  <testcase name="whenGreaterThan10_shouldReturnFalse" classname="com.bridgelabz.testing.UserRegistrationTesting.AppTest" time="0"/>
  <testcase name="whenStartNotCapital_shouldReturnFalse1" classname="com.bridgelabz.testing.UserRegistrationTesting.AppTest" time="0"/>
  <testcase name="whenLessThanThreeAlphabets_shouldReturnFalse" classname="com.bridgelabz.testing.UserRegistrationTesting.AppTest" time="0"/>
  <testcase name="whenExactlyOneSpecialCharacter_shouldReturnTrue" classname="com.bridgelabz.testing.UserRegistrationTesting.AppTest" time="0"/>
  <testcase name="whenNoNumeric_shouldReturnFalse" classname="com.bridgelabz.testing.UserRegistrationTesting.AppTest" time="0"/>
  <testcase name="givenMessage_whenAtTheRate_shouldReturnTrue" classname="com.bridgelabz.testing.UserRegistrationTesting.AppTest" time="0"/>
  <testcase name="whenLessThan8Characters_shouldReturnTrue" classname="com.bridgelabz.testing.UserRegistrationTesting.AppTest" time="0"/>
  <testcase name="start" classname="com.bridgelabz.testing.UserRegistrationTesting.AppTest" time="0"/>
  <testcase name="whenNoSpace_shouldReturnFalse" classname="com.bridgelabz.testing.UserRegistrationTesting.AppTest" time="0.001"/>
  <testcase name="givenMessage_whenNoAtTheRate_shouldReturnFalse" classname="com.bridgelabz.testing.UserRegistrationTesting.AppTest" time="0"/>
  <testcase name="whenNumeric_shouldReturnTrue" classname="com.bridgelabz.testing.UserRegistrationTesting.AppTest" time="0"/>
  <testcase name="whenStartCapital_shouldReturnTrue" classname="com.bridgelabz.testing.UserRegistrationTesting.AppTest" time="0"/>
  <testcase name="whenMinThreeAlphabets_shouldReturnTrue" classname="com.bridgelabz.testing.UserRegistrationTesting.AppTest" time="0"/>
  <testcase name="whenAtleast1UpperCase_shouldReturnTrue" classname="com.bridgelabz.testing.UserRegistrationTesting.AppTest" time="0"/>
  <testcase name="whenMoreThanOneSpecialCharacter_shouldReturnFalse" classname="com.bridgelabz.testing.UserRegistrationTesting.AppTest" time="0"/>
  <testcase name="when10Digits_shouldReturnTrue" classname="com.bridgelabz.testing.UserRegistrationTesting.AppTest" time="0"/>
  <testcase name="whenStartNotCapital_shouldReturnFalse" classname="com.bridgelabz.testing.UserRegistrationTesting.AppTest" time="0"/>
  <testcase name="whenNoUpperCase_shouldReturnFalse" classname="com.bridgelabz.testing.UserRegistrationTesting.AppTest" time="0"/>
  <testcase name="whenStartCapital_shouldReturnTrue1" classname="com.bridgelabz.testing.UserRegistrationTesting.AppTest" time="0"/>
</testsuite>